0 info it worked if it ends with ok
1 verbose cli [ '/usr/local/bin/node',
1 verbose cli   '/usr/local/bin/npm',
1 verbose cli   'uninstall',
1 verbose cli   'gulp-closure-compiler' ]
2 info using npm@2.7.4
3 info using node@v0.12.2
4 verbose node symlink /usr/local/bin/node
5 verbose unbuild node_modules/gulp-closure-compiler
6 info preuninstall gulp-closure-compiler@0.4.0
7 info uninstall gulp-closure-compiler@0.4.0
8 verbose unbuild rmStuff gulp-closure-compiler@0.4.0 from /Users/ericglomstad/Projects/expressjs-crazyerics/node_modules
9 info postuninstall gulp-closure-compiler@0.4.0
10 silly gentlyRm /Users/ericglomstad/Projects/expressjs-crazyerics/node_modules/gulp-closure-compiler is being purged from base /Users/ericglomstad/Projects/expressjs-crazyerics
11 verbose gentlyRm don't care about contents; nuking /Users/ericglomstad/Projects/expressjs-crazyerics/node_modules/gulp-closure-compiler
12 silly vacuum-fs purging /Users/ericglomstad/Projects/expressjs-crazyerics/node_modules/gulp-closure-compiler
13 verbose stack Error: EACCES, unlink '/Users/ericglomstad/Projects/expressjs-crazyerics/node_modules/gulp-closure-compiler/node_modules/.bin/mkdirp'
13 verbose stack     at Error (native)
14 verbose cwd /Users/ericglomstad/Projects/expressjs-crazyerics/tools/shaders_glsl
15 error Darwin 15.2.0
16 error argv "/usr/local/bin/node" "/usr/local/bin/npm" "uninstall" "gulp-closure-compiler"
17 error node v0.12.2
18 error npm  v2.7.4
19 error path /Users/ericglomstad/Projects/expressjs-crazyerics/node_modules/gulp-closure-compiler/node_modules/.bin/mkdirp
20 error code EACCES
21 error errno -13
22 error Error: EACCES, unlink '/Users/ericglomstad/Projects/expressjs-crazyerics/node_modules/gulp-closure-compiler/node_modules/.bin/mkdirp'
22 error     at Error (native)
22 error  { [Error: EACCES, unlink '/Users/ericglomstad/Projects/expressjs-crazyerics/node_modules/gulp-closure-compiler/node_modules/.bin/mkdirp']
22 error   errno: -13,
22 error   code: 'EACCES',
22 error   path: '/Users/ericglomstad/Projects/expressjs-crazyerics/node_modules/gulp-closure-compiler/node_modules/.bin/mkdirp' }
23 error Please try running this command again as root/Administrator.
24 verbose exit [ -13, true ]
